<?xml version="1.0" encoding="UTF-8"?>
<testng-results ignored="0" total="1" passed="1" failed="0" skipped="0">
  <reporter-output>
  </reporter-output>
  <suite started-at="2023-05-25T20:50:40 IST" name="Default suite" finished-at="2023-05-25T20:51:04 IST" duration-ms="24012">
    <groups>
    </groups>
    <test started-at="2023-05-25T20:50:40 IST" name="Default test" finished-at="2023-05-25T20:51:04 IST" duration-ms="24012">
      <class name="com.rajlabs.qa.test.ScreenshotofElement">
        <test-method signature="logosize()[pri:0, instance:com.rajlabs.qa.test.ScreenshotofElement@54bff557]" started-at="2023-05-25T20:50:40 IST" name="logosize" finished-at="2023-05-25T20:51:04 IST" duration-ms="23951" status="PASS">
          <reporter-output>
          </reporter-output>
        </test-method> <!-- logosize -->
      </class> <!-- com.rajlabs.qa.test.ScreenshotofElement -->
    </test> <!-- Default test -->
  </suite> <!-- Default suite -->
</testng-results>
